<?xml version="1.0" encoding="UTF-8"?>
<!-- Generated by org.testng.reporters.JUnitXMLReporter -->
<testsuite ignored="0" hostname="RIPUN_NOOB-Dev" failures="0" tests="4" name="Functional Tests" time="14.001" errors="0" timestamp="2024-12-13T02:55:47 IST">
  <testcase classname="com.jobbox.AppTest" name="testWebsiteAccessibility" time="1.051"/>
  <testcase classname="com.jobbox.AppTest" name="testWebsiteLoading" time="0.889"/>
  <testcase classname="com.jobbox.NavigationTest" name="testNavigationItemClickability" time="6.486"/>
  <testcase classname="com.jobbox.NavigationTest" name="testNavigationMenuItems" time="1.926"/>
</testsuite> <!-- Functional Tests -->
